<?xml version="1.0" encoding="UTF-8"?>
<testng-results skipped="0" failed="0" total="1" passed="1">
  <reporter-output>
  </reporter-output>
  <suite name="Default suite" duration-ms="17021" started-at="2022-03-27T14:42:06Z" finished-at="2022-03-27T14:42:23Z">
    <groups>
      <group name="cucumber">
        <method signature="AbstractTestNGCucumberTests.feature(cucumber.api.testng.CucumberFeatureWrapper)[pri:0, instance:com.orangeHRM.runners.orangeHRM_LoginFunctionality_TestRunners@1706f19]" name="feature" class="cucumber.api.testng.AbstractTestNGCucumberTests"/>
      </group> <!-- cucumber -->
    </groups>
    <test name="Default test" duration-ms="17021" started-at="2022-03-27T14:42:06Z" finished-at="2022-03-27T14:42:23Z">
      <class name="com.orangeHRM.runners.orangeHRM_LoginFunctionality_TestRunners">
        <test-method status="PASS" signature="setUpClass()[pri:0, instance:com.orangeHRM.runners.orangeHRM_LoginFunctionality_TestRunners@1706f19]" name="setUpClass" is-config="true" duration-ms="198" started-at="2022-03-27T20:12:06Z" finished-at="2022-03-27T20:12:06Z">
          <reporter-output>
          </reporter-output>
        </test-method> <!-- setUpClass -->
        <test-method status="PASS" signature="feature(cucumber.api.testng.CucumberFeatureWrapper)[pri:0, instance:com.orangeHRM.runners.orangeHRM_LoginFunctionality_TestRunners@1706f19]" name="feature" duration-ms="16703" started-at="2022-03-27T20:12:06Z" description="Runs Cucumber Feature" data-provider="features" finished-at="2022-03-27T20:12:23Z">
          <params>
            <param index="0">
              <value>
                <![CDATA[Verify the functionality of Orange HRM Application]]>
              </value>
            </param>
          </params>
          <reporter-output>
          </reporter-output>
        </test-method> <!-- feature -->
        <test-method status="PASS" signature="tearDownClass()[pri:0, instance:com.orangeHRM.runners.orangeHRM_LoginFunctionality_TestRunners@1706f19]" name="tearDownClass" is-config="true" duration-ms="61" started-at="2022-03-27T20:12:23Z" finished-at="2022-03-27T20:12:23Z">
          <reporter-output>
          </reporter-output>
        </test-method> <!-- tearDownClass -->
      </class> <!-- com.orangeHRM.runners.orangeHRM_LoginFunctionality_TestRunners -->
    </test> <!-- Default test -->
  </suite> <!-- Default suite -->
</testng-results>
